[  0.000000] Initializing cgroup subsys cpuset
[    0.000000] Initializing cgroup subsys cpu
[    0.000000] Initializing cgroup subsys cpuacct
[    0.000000] Linux version 4.4.0-66-generic (buildd@lgw01-28) (gcc version 5.4.0 20160609 (Ubuntu 5.4.0-6ubuntu1~16.04.4) ) #87-Ubuntu SMP Fri Mar 3 15:29:05 UTC 2017 (Ubuntu 4.4.0-66.87-generic 4.4.44)
[    0.000000] Command line: BOOT_IMAGE=/boot/vmlinuz-4.4.0-66-generic root=LABEL=cloudimg-rootfs ro console=tty1 console=ttyS0
[    0.000000] KERNEL supported cpus:
[    0.000000]   Intel GenuineIntel
[    0.000000]   AMD AuthenticAMD
[    0.000000]   Centaur CentaurHauls
[    0.000000] x86/fpu: Legacy x87 FPU detected.
[   0.000000] x86/fpu: Using 'lazy' FPU context switches.
[    0.000000] e820: BIOS-provided physical RAM map:
[    0.000000] BIOS-e820: [mem 0x0000000000000000-0x000000000009fbff] usable
[    0.000000] BIOS-e820: [mem 0x000000000009fc00-0x000000000009ffff] reserved
[    0.000000] BIOS-e820: [mem 0x00000000000f0000-0x00000000000fffff] reserved
[    0.000000] BIOS-e820: [mem 0x0000000000100000-0x000000001ffeffff] usable
[    0.000000] BIOS-e820: [mem 0x000000001fff0000-0x000000001fffffff] ACPI data
[    0.000000] BIOS-e820: [mem 0x00000000fffc0000-0x00000000ffffffff] reserved
[  0.000000] NX (Execute Disable) protection: active
[    0.000000] SMBIOS 2.5 present.
[    0.000000] Hypervisor detected: KVM
[    0.000000] AGP: No AGP bridge found
[    0.000000] e820: last_pfn = 0x1fff0 max_arch_pfn = 0x400000000
[  0000000] MTRR: Disabled
[    0.000000] x86/PAT: MTRRs disabled, skipping PAT initialization too.
[    0.000000] x86/PAT: Configuration [0-7]: WB  WT  UC- UC  WB  WT  UC- UC  
[  0000000] CPU MTRRs all blank - virtualized system.
[    0.000000] found SMP MP-table at [mem 0x0009fff0-0x0009ffff] mapped at [ffff88000009fff0]
[    0.000000] Scanning 1 areas for low memory corruption
[    0.000000] RAMDISK: [mem 0x1ed67000-0x1f7f7fff]
[    0.000000] ACPI: Early table checksum verification disabled
[    0.000000] ACPI: RSDP 0x00000000000E0000 000024 (v02 VBOX  )
[    0.000000] ACPI: XSDT 0x000000001FFF0030 00003C (v01 VBOX   VBOXXSDT 00000001 ASL  00000061)
[    0.000000] ACPI: FACP 0x000000001FFF00F0 0000F4 (v04 VBOX   VBOXFACP 00000001 ASL  00000061)
[    0.000000] ACPI: DSDT 0x000000001FFF0470 002118 (v01 VBOX   VBOXBIOS 00000002 INTL 20160108)
[    0.000000] ACPI: FACS 0x000000001FFF0200 000040
[    0.000000] ACPI: FACS 0x000000001FFF0200 000040
[    0.000000] ACPI: APIC 0x000000001FFF0240 00005C (v02 VBOX   VBOXAPIC 00000001 ASL  00000061)
[   0.000000] ACPI: SSDT 0x000000001FFF02A0 0001CC (v01 VBOX   VBOXCPUT 00000002 INTL 20160108)
[  0000000] No NUMA configuration found
[    0.000000] Faking a node at [mem 0x0000000000000000-0x000000001ffeffff]
[    0.000000] NODE_DATA(0) allocated [mem 0x1ffeb000-0x1ffeffff]
[    0.000000] kvm-clock: Using msrs 4b564d01 and 4b564d00
[    0.000000] kvm-clock: cpu 0, msr 0:1ffe3001, primary cpu clock
[    0.000000] kvm-clock: using sched offset of 3638958825 cycles
[    0.000000] clocksource: kvm-clock: mask: 0xffffffffffffffff max_cycles: 0x1cd42e4dffb, max_idle_ns: 881590591483 ns
[    0.000000] Zonranges:
[    0.000000]   DMA      [mem 0x0000000000001000-0x0000000000ffffff]
[    0.000000]   DMA32    [mem 0x0000000001000000-0x000000001ffeffff]
[    0.000000]   Normal   empty
[    0.000000]   Device   empty
[    0.000000] Movable zone start for each node
[    0.000000] Early memory node ranges
[    0.000000]   node   0: [mem 0x0000000000001000-0x000000000009efff]
[    0.000000]   node   0: [mem 0x0000000000100000-0x000000001ffeffff]
[    0.000000] Initmem setup node 0 [mem 0x0000000000001000-0x000000001ffeffff]
[    0.000000] ACPI: PM-Timer IO Port: 0x4008
[  0.000000] IOAPIC[0]: apic_id 2, version 17, address 0xfec00000, GSI 0-23
[    0.000000] ACPI: INT_SRC_OVR (bus 0 bus_irq 0 global_irq 2 dfl dfl)
[    0.000000] ACPI: INT_SRC_OVR (bus 0 bus_irq 9 global_irq 9 high level)
[    0.000000] Using ACPI (MADT) for SMP configuration information
[    0.000000] smpboot: Allowing 2 CPUs, 0 hotplug CPUs
[  0000000] PM: Registered nosave memory: [mem 0x00000000-0x00000fff]
[    0.000000] PM: Registered nosave memory: [mem 0x0009f000-0x0009ffff]
[    0.000000] PM: Registered nosave memory: [mem 0x000a0000-0x000effff]
[    0.000000] PM: Registered nosave memory: [mem 0x000f0000-0x000fffff]
[    0.000000] e820: [mem 0x20000000-0xfffbffff] available for PCI devices
[  0.000000] Booting paravirtualized kernel on KVM
[    0.000000] clocksource: refined-jiffies: mask: 0xffffffff max_cycles: 0xffffffff, max_idle_ns: 7645519600211568 ns
[    0.000000] setup_percpu: NR_CPUS:512 nr_cpumask_bits:512 nr_cpu_ids:2 nr_node_ids:1
[    0.000000] PERCPU: Embedded 33 pages/cpu @ffff88001fc00000 s98264 r8192 d28712 u1048576
[   0.000000] PV qspinlock hash table entries: 256 (order: 0, 4096 bytes)
[    0.000000] Built 1 zonelists in Node order, mobility grouping on.  Total pages: 128889
[  0000000] Policy zone: DMA32
[    0.000000] Kernel command line: BOOT_IMAGE=/boot/vmlinuz-4.4.0-66-generic root=LABEL=cloudimg-rootfs ro console=tty1 console=ttyS0
[    0.000000] PID hash table entries: 2048 (order: 2, 16384 bytes)
[  0.000000] AGP: Checking aperture...
[    0.000000] AGP: No AGP bridge found
[    0.000000] Memory: 485676K/523832K available (8452K kernel code, 1293K rwdata, 3980K rodata, 1488K init, 1316K bss, 38156K reserved, 0K cma-reserved)
[    0.000000] SLUB: HWalign=64, Order=0-3, MinObjects=0, CPUs=2, Nodes=1
[    0.000000] Hierarchical RCU implementation.
[    0.000000] 	Build-time adjustment of leaf fanout to 64.
[    0.000000] 	RCU restricting CPUs from NR_CPUS=512 to nr_cpu_ids=2.
[    0.000000] RCU: Adjusting geometry for rcu_fanout_leaf=64, nr_cpu_ids=2
[    0.000000] NR_IRQS:33024 nr_irqs:440 16
[   0.000000] Console: colour VGA+ 80x25
[  0000000] console [tty1] enabled
[    0.000000] console [ttyS0] enabled
[    0.000000] tsc: Detected 1994.999 MHz processor
[    0.000000] tsc: Marking TSC unstable due to TSCs unsynchronized
[    0.012000] Calibrating delay loop (skipped) preset value.. 3989.99 BogoMIPS (lpj=7979996)
[    0.016006] pid_max: default: 32768 minimum: 301
[    0.020015] ACPI: Core revision 20150930
[    0.028155] ACPI: 2 ACPI AML tables successfully acquired and loaded
[    0.036491] Security Framework initialized
[    0.040006] Yama: becoming mindful.
[    0.044035] AppArmor: AppArmor initialized
[    0.048097] Dentry cache hash table entries: 65536 (order: 7, 524288 bytes)
[    0.052224] Inode-cache hash table entries: 32768 (order: 6, 262144 bytes)
[    0.056119] Mount-cache hash table entries: 1024 (order: 1, 8192 bytes)
[    0.060011] Mountpoint-cache hash table entries: 1024 (order: 1, 8192 bytes)
[    0.064290] Initializing cgroup subsys io
[    0.068014] Initializing cgroup subsys memory
[    0.072018] Initializing cgroup subsys devices
[    0.076008] Initializing cgroup subsys freezer
[    0.077615] Initializing cgroup subsys net_cls
[    0.080007] Initializing cgroup subsys perf_event
[    0.083180] Initializing cgroup subsys net_prio
[    0.084015] Initializing cgroup subsys hugetlb
[    0.088008] Initializing cgroup subsys pids
[    0.092150] CPU: Physical Processor ID: 0
[    0.094811] CPU: Processor Core ID: 0
[    0.096010] mce: CPU supports 0 MCE banks
[    0.098632] process: using AMD E400 aware idle routine
[    0.100010] Last level iTLB entries: 4KB 512, 2MB 16, 4MB 8
[    0.104006] Last level dTLB entries: 4KB 512, 2MB 128, 4MB 64, 1GB 0
[    0.114344] Freeing SMP alternatives memory: 32K (ffffffff820b9000 - ffffffff820c1000)
[    0.130431] ftrace: allocating 32123 entries in 126 pages
[    0.152162] smpboot: APIC(0) Converting physical 0 to logical package 0
[    0.156010] smpboot: Max logical packages: 1
[    0.164212] ..TIMER: vector=0x30 apic1=0 pin1=2 apic2=-1 pin2=-1
[    0.172000] smpboot: CPU0: AMD Athlon(tm) II Dual-Core M300 (family: 0x10, model: 0x6, stepping: 0x2)
[    0.177914] Performance Events: Broken PMU hardware detected, using software events only.
[    0.184004] Failed to access perfctr msr (MSR c0010007 is 0)
[    0.188066] KVM setup paravirtual spinlock
[    0.193079] x86: Booting SMP configuration:
[    0.196011] .... node  #0, CPUs:      #1
[    0.012000] kvm-clock: cpu 1, msr 0:1ffe3041, secondary cpu clock
[    0.012000] mce: CPU supports 0 MCE banks
[    0.208044] x86: Booted up 1 node, 2 CPUs
[    0.209943] smpboot: Total of 2 processors activated (7979.99 BogoMIPS)
[    0.212570] devtmpfs: initialized
[    0.222242] evm: security.selinux
[    0.224005] evm: security.SMACK64
[    0.228003] evm: security.SMACK64EXEC
[    0.232003] evm: security.SMACK64TRANSMUTE
[    0.236003] evm: security.SMACK64MMAP
[    0.240003] evm: security.ima
[    0.241201] evm: security.capability
[    0.244368] clocksource: jiffies: mask: 0xffffffff max_cycles: 0xffffffff, max_idle_ns: 7645041785100000 ns
[    0.248198] pinctrl core: initialized pinctrl subsystem
[    0.252214] RTC time: 11:34:50, date: 03/26/17
[    0.256557] NET: Registered protocol family 16
[    0.276074] cpuidle: using governor ladder
[    0.296063] cpuidle: using governor menu
[    0.300067] PCCT header not found.
[    0.301831] ACPI: bus type PCI registered
[    0.304009] acpiphp: ACPI Hot Plug PCI Controller Driver version: 0.5
[    0.308198] PCI: Using configuration type 1 for base access
[    0.312004] PCI: Using configuration type 1 for extended access
[    0.332714] ACPI: Added _OSI(Module Device)
[    0.336056] ACPI: Added _OSI(Processor Device)
[    0.337712] ACPI: Added _OSI(3.0 _SCP Extensions)
[    0.340016] ACPI: Added _OSI(Processor Aggregator Device)
[    0.344938] ACPI: Executed 1 blocks of module-level executable AML code
[    0.357762] ACPI: Interpreter enabled
[    0.360024] ACPI: (supports S0 S5)
[    0.364005] ACPI: Using IOAPIC for interrupt routing
[    0.372168] PCI: Using host bridge windows from ACPI; if necessary, use "pci=nocrs" and report a bug
[    0.381435] ACPI: PCI Root Bridge [PCI0] (domain 0000 [bus 00-ff])
[    0.384018] acpi PNP0A03:00: _OSC: OS supports [ExtendedConfig ASPM ClockPM Segments MSI]
[    0.388013] acpi PNP0A03:00: _OSC failed (AE_NOT_FOUND); disabling ASPM
[    0.392374] PCI host bridge to bus 0000:00
[    0.396015] pci_bus 0000:00: root bus resource [io  0x0000-0x0cf7 window]
[    0.400006] pci_bus 0000:00: root bus resource [io  0x0d00-0xffff window]
[    0.404005] pci_bus 0000:00: root bus resource [mem 0x000a0000-0x000bffff window]
[    0.408006] pci_bus 0000:00: root bus resource [mem 0x20000000-0xffdfffff window]
[    0.412005] pci_bus 0000:00: root bus resource [bus 00-ff]
[    0.417623] pci 0000:00:01.1: legacy IDE quirk: reg 0x10: [io  0x01f0-0x01f7]
[    0.420010] pci 0000:00:01.1: legacy IDE quirk: reg 0x14: [io  0x03f6]
[    0.424005] pci 0000:00:01.1: legacy IDE quirk: reg 0x18: [io  0x0170-0x0177]
[    0.428005] pci 0000:00:01.1: legacy IDE quirk: reg 0x1c: [io  0x0376]
[    0.479763] ACPI: PCI Interrupt Link [LNKA] (IRQs 5 9 10 11) *0, disabled.
[    0.481101] ACPI: PCI Interrupt Link [LNKB] (IRQs 5 9 10 *11)
[    0.488968] ACPI: PCI Interrupt Link [LNKC] (IRQs 5 9 *10 11)
[    0.500626] ACPI: PCI Interrupt Link [LNKD] (IRQs 5 *9 10 11)
[    0.520240] ACPI: Enabled 2 GPEs in block 00 to 07
[    0.525513] vgaarb: setting as boot device: PCI:0000:00:02.0
[    0.527627] vgaarb: device added: PCI:0000:00:02.0,decodes=io+mem,owns=io+mem,locks=none
[    0.528011] vgaarb: loaded
[    0.532005] vgaarb: bridge control possible 0000:00:02.0
[    0.534286] SCSI subsystem initialized
[    0.536224] ACPI: bus type USB registered
[    0.537886] usbcore: registered new interface driver usbfs
[    0.540027] usbcore: registered new interface driver hub
[    0.544068] usbcore: registered new device driver usb
[    0.546282] PCI: Using ACPI for IRQ routing
[    0.548377] NetLabel: Initializing
[    0.552008] NetLabel:  domain hash size = 128
[    0.556003] NetLabel:  protocols = UNLABELED CIPSOv4
[    0.560029] NetLabel:  unlabeled traffic allowed by default
[    0.564148] amd_nb: Cannot enumerate AMD northbridges
[    0.572110] clocksource: Switched to clocksource kvm-clock
[  0885]ppArmor: AppArmor Filesystem Enabled
[    0.808119] pnp: PnP ACPI init
[    0.810457] pnp: PnP ACPI: found 3 devices
[    0.844144] clocksource: acpi_pm: mask: 0xffffff max_cycles: 0xffffff, max_idle_ns: 2085701024 ns
[    0.862468] NET: Registered protocol family 2
[    0.866195] TCP established hash table entries: 4096 (order: 3, 32768 bytes)
[    0.870033] TCP bind hash table entries: 4096 (order: 4, 65536 bytes)
[    0.870033] TCP: Hash tables configured (established 4096 bind 4096)
[    0.870033] UDP hash table entries: 256 (order: 1, 8192 bytes)
[    0.870033] UDP-Lite hash table entries: 256 (order: 1, 8192 bytes)
[    0.870033] NET: Registered protocol family 1
[    0.870033] pci 0000:00:00.0: Limiting direct PCI/PCI transfers
[    0.870033] pci 0000:00:01.0: Activating ISA DMA hang workarounds
[    0.870033] Trying to unpack rootfs image as initramfs...
[    4.164491] Freeing initrd memory: 10820K (ffff88001ed67000 - ffff88001f7f8000)
[    4.174374] clocksource: tsc: mask: 0xffffffffffffffff max_cycles: 0x398374a7fb8, max_idle_ns: 881590820223 ns
[    4.189445] platform rtc_cmos: registered platform RTC device (no PNP device found)
[    4.192628] Scanning for low memory corruption every 60 seconds
[    4.196471] futex hash table entries: 512 (order: 3, 32768 bytes)
[  4097]ud: itlingetnkubs (disabled)
[    4.855769] audit: type=2000 audit(1490528099.040:1): initialized
[    4.858525] Initialise system trusted keyring
[    4.877865] HugeTLB registered 2 MB page size, pre-allocated 0 pages
[    5.077523] zbud: loaded
[    5.164123] VFS: Disk quotas dquot_6.6.0
[    5.213099] VFS: Dquot-cache hash table entries: 512 (order 0, 4096 bytes)
[    5.226946] squashfs: version 4.0 (2009/01/31) Phillip Lougher
[    5.241245] fuse init (API version 7.23)
[    5.304279] Key type big_key registered
[    5.427122] Allocating IMA MOK and blacklist keyrings.
[    5.630557] Key type asymmetric registered
[    5.664134] Asymmetric key parser 'x509' registered
[    5.667555] Block layer SCSI generic (bsg) driver version 0.4 loaded (major 249)
[    5.672435] io scheduler noop registered
[    5.674885] io scheduler deadline registered (default)
[    5.678292] io scheduler cfq registered
[    5.681770] pci_hotplug: PCI Hot Plug PCI Core version: 0.5
[    5.685091] pciehp: PCI Express Hot Plug Controller Driver version: 0.4
[    5.689424] ACPI: AC Adapter [AC] (off-line)
[    5.692789] input: Power Button as /devices/LNXSYSTM:00/LNXPWRBN:00/input/input0
[    5.697764] ACPI: Power Button [PWRF]
[    5.700616] input: Sleep Button as /devices/LNXSYSTM:00/LNXSLPBN:00/input/input1
[    5.705390] ACPI: Sleep Button [SLPF]
[    5.713789] ACPI: Battery Slot [BAT0] (battery present)
[    5.721105] GHES: HEST is not enabled!
[    5.723051] Serial: 8250/16550 driver, 32 ports, IRQ sharing enabled
[    5.749723] 00:02: ttyS0 at I/O 0x3f8 (irq = 4, base_baud = 115200) is a 16550A
[    5.773919] Linux agpgart interface v0.103
[    5.790056] brd: module loaded
[    5.804309] loop: module loaded
[    5.812601] scsi host0: ata_piix
[    5.864543] scsi host1: ata_piix
[    5.965283] ata1: PATA max UDMA/33 cmd 0x1f0 ctl 0x3f6 bmdma 0xd000 irq 14
[    6.198681] ata2: PATA max UDMA/33 cmd 0x170 ctl 0x376 bmdma 0xd008 irq 15
[    6.490859] libphy: Fixed MDIO Bus: probed
[    6.640908] tun: Universal TUN/TAP device driver, 1.6
[    6.826580] tun: (C) 1999-2004 Max Krasnyansky <maxk@qualcomm.com>
[    7.047198] PPP generic driver version 2.4.2
[    7.205026] ehci_hcd: USB 2.0 'Enhanced' Host Controller (EHCI) Driver
[    7.226653] ehci-pci: EHCI PCI platform driver
[    7.233939] ehci-platform: EHCI generic platform driver
[    7.241364] ohci_hcd: USB 1.1 'Open' Host Controller (OHCI) Driver
[    7.249056] ohci-pci: OHCI PCI platform driver
[    7.256312] ohci-platform: OHCI generic platform driver
[    7.258275] uhci_hcd: USB Universal Host Controller Interface driver
[    7.266168] i8042: PNP: PS/2 Controller [PNP0303:PS2K,PNP0f03:PS2M] at 0x60,0x64 irq 1,12
[  7754]er: 04KBpo a0x60,0x64 irq 1
[   7.806411] serio: i8042 AUX port at 0x60,0x64rq2
[    8.010756] mousedev: PS/2 mouse device common for all mice
[    8.055167] input: AT Translated Set 2 keyboard as /devices/platform/i8042/serio0/input/input2
[    8.060610] rtc_cmos rtc_cmos: rtc core: registered rtc_cmos as rtc0
[    8.060754] rtc_cmos rtc_cmos: alarms up to one day, 114 bytes nvram
[    8.060770] i2c /dev entries driver
[    8.060881] device-mapper: uevent: version 1.0.3
[    8.060980] device-mapper: ioctl: 4.34.0-ioctl (2015-10-28) initialised: dm-devel@redhat.com
[    8.061013] ledtrig-cpu: registered to indicate activity on CPUs
[    8.061483] NET: Registered protocol family 10
[    8.061757] NET: Registered protocol family 17
[    8.061774] Key type dns_resolver registered
[    8.061673] microcode: CPU0: patch_level=0x010000bf
[    8.063801] microcode: CPU1: patch_level=0x010000bf
[    8.063878] microcode: Microcode Update Driver: v2.01 <tigran@aivazian.fsnet.co.uk>, Peter Oruba
[    8.064110] registered taskstats version 1
[    8.064110] Loading compiled-in X.509 certificates
[    8.081125] Loaded X.509 cert 'Build time autogenerated kernel key: 32ca4feee90b5cde51f5f8c0e024b22f8c679982'
[    8.081197] zswap: loaded using pool lzo/zbud
[    8.086407] Key type trusted registered
[    8.092947] Key type encrypted registered
[    8.092959] AppArmor: AppArmor sha1 policy hashing enabled
[    8.092964] ima: No TPM chip found, activating TPM-bypass!
[    8.093004] evm: HMAC attrs: 0x1
[    8.093351]   Magic number: 9:131:581
[    8.096075] rtc_cmos rtc_cmos: setting system clock to 2017-03-26 11:34:58 UTC (1490528098)
[    8.096356] BIOS EDD facility v0.16 2004-Jun-25, 0 devices found
[    8.096356] EDD information not available.
[    8.221130] Freeing unused kernel memory: 1488K (ffffffff81f45000 - ffffffff820b9000)
[    8.362304] Write protecting the kernel read-only data: 14336k
[    8.564784] Freeing unused kernel memory: 1776K (ffff880001844000 - ffff880001a00000)
[    8.808510] Freeing unused kernel memory: 116K (ffff880001de3000 - ffff880001e00000)
Loading, please wait...
starting version 229
[    9.104478] random: systemd-udevd: uninitialized urandom read (16 bytes read, 4 bits of entropy available)
[    9.110417] random: udevadm: uninitialized urandom read (16 bytes read, 4 bits of entropy available)
[    9.110515] random: udevadm: uninitialized urandom read (16 bytes read, 4 bits of entropy available)
[    9.110799] random: udevadm: uninitialized urandom read (16 bytes read, 4 bits of entropy available)
[    9.110888] random: udevadm: uninitialized urandom read (16 bytes read, 4 bits of entropy available)
[    9.110979] random: udevadm: uninitialized urandom read (16 bytes read, 4 bits of entropy available)
[    9.111065] random: udevadm: uninitialized urandom read (16 bytes read, 4 bits of entropy available)
[    9.111156] random: udevadm: uninitialized urandom read (16 bytes read, 4 bits of entropy available)
[    9.111241] random: udevadm: uninitialized urandom read (16 bytes read, 4 bits of entropy available)
[    9.111321] random: udevadm: uninitialized urandom read (16 bytes read, 4 bits of entropy available)
[    9.353608] e1000: Intel(R) PRO/1000 Network Driver - version 7.3.21-k8-NAPI
[    9.355452] Fusion MPT base driver 3.04.20
[    9.355453] Copyright (c) 1999-2008 LSI Corporation
[    9.359767] e1000: Copyright (c) 1999-2006 Intel Corporation.
[    9.389915] Fusion MPT SPI Host driver 3.04.20
[    9.604308] input: ImExPS/2 Generic Explorer Mouse as /devices/platform/i8042/serio1/input/input4
[    9.879652] e1000 0000:00:03.0 eth0: (PCI:33MHz:32-bit) 02:2d:8f:cf:d6:cd
[    9.940423] e1000 0000:00:03.0 eth0: Intel(R) PRO/1000 Network Connection
[   10.120546] mptbase: ioc0: Initiating bringup
[   10.191402] e1000 0000:00:03.0 enp0s3: renamed from eth0
[   10.277474] ioc0: LSI53C1030 A0: Capabilities={Initiator}
[   11.063142] scsi host2: ioc0: LSI53C1030 A0, FwRev=00000000h, Ports=1, MaxQ=256, IRQ=20
[   11.220065] scsi 2:0:0:0: Direct-Access     VBOX     HARDDISK         1.0  PQ: 0 ANSI: 5
[   11.485128] scsi target2:0:0: Beginning Domain Validation
[   11.623461] scsi target2:0:0: Domain Validation skipping write tests
[   11.852792] scsi target2:0:0: Ending Domain Validation
[   12.032712] scsi target2:0:0: asynchronous
[   12.202302] scsi 2:0:1:0: Direct-Access     VBOX     HARDDISK         1.0  PQ: 0 ANSI: 5
[   12.210852] scsi target2:0:1: Beginning Domain Validation
[   12.215033] scsi target2:0:1: Domain Validation skipping write tests
[   12.229114] scsi target2:0:1: Ending Domain Validation
[   12.231195] scsi target2:0:1: asynchronous
[   12.262907] sd 2:0:0:0: [sda] 20971520 512-byte logical blocks: (10.7 GB/10.0 GiB)
[   12.269028] sd 2:0:0:0: Attached scsi generic sg0 type 0
[   12.272324] sd 2:0:0:0: [sda] Write Protect is off
[   12.272872] sd 2:0:1:0: Attached scsi generic sg1 type 0
[   12.273263] sd 2:0:1:0: [sdb] 20480 512-byte logical blocks: (10.5 MB/10.0 MiB)
[   12.273513] sd 2:0:1:0: [sdb] Write Protect is off
[   12.273768] sd 2:0:1:0: [sdb] Incomplete mode parameter data
[   12.273771] sd 2:0:1:0: [sdb] Assuming drive cache: write through
[   12.278105] sd 2:0:1:0: [sdb] Attached SCSI disk
[   12.608218] floppy0: no floppy controllers found
[   12.608359] work still pending
[   12.701689] sd 2:0:0:0: [sda] Incomplete mode parameter data
[   12.744173] sd 2:0:0:0: [sda] Assuming drive cache: write through
[   12.753608]  sda: sda1
[   12.802360] sd 2:0:0:0: [sda] Attached SCSI disk
Begin: Loading e[   14.755646] md: linear personality registered for level -1
ssential drivers ... [   14.951268] md: multipath personality registered for level -4
[   14.963964] md: raid0 personality registered for level 0
[   15.065696] md: raid1 personality registered for level 1
[   15.169502] raid6: sse2x1   gen()  1069 MB/s
[   15.236171] raid6: sse2x1   xor()  2218 MB/s
[   15.304173] raid6: sse2x2   gen()  2967 MB/s
[   15.372035] raid6: sse2x2   xor()  2566 MB/s
[   15.440172] raid6: sse2x4   gen()  3198 MB/s
[   15.508146] raid6: sse2x4   xor()  1801 MB/s
[   15.509698] raid6: using algorithm sse2x4 gen() 3198 MB/s
[   15.680916] raid6: .... xor() 1801 MB/s, rmw enabled
[   15.838075] raid6: using intx1 recovery algorithm
[   16.021034] xor: measuring software checksum speed
[   16.072173]    prefetch64-sse:  5624.000 MB/sec
[   16.112181]    generic_sse:  5419.000 MB/sec
[   16.113855] xor: using function: prefetch64-sse (5624.000 MB/sec)
[   16.125313] async_tx: api initialized (async)
[   16.143166] md: raid6 personality registered for level 6
[   16.145184] md: raid5 personality registered for level 5
[   16.147115] md: raid4 personality registered for level 4
[   16.177110] md: raid10 personality registered for level 10
done.
Begin: Running /scripts/init-premount ... done.
Begin: Mounting root file system ... Begin: Running /scripts/local-top ... done.
Begin: Running /scripts/local-premount ... [   16.283533] Btrfs loaded
Scanning for Btrfs filesystems
done.
Warning: fsck no[   16.521427] EXT4-fs (sda1): mounted filesystem with ordered data mode. Opts: (null)
t present, so skipping root file system
done.
Begin: Running /scripts/local-bottom ... done.
Begin: Running /scripts/init-bottom ... done.
[   17.089620] systemd[1]: systemd 229 running in system mode. (+PAM +AUDIT +SELINUX +IMA +APPARMOR +SMACK +SYSVINIT +UTMP +LIBCRYPTSETUP +GCRYPT +GNUTLS +ACL +XZ -LZ4 +SECCOMP +BLKID +ELFUTILS +KMOD -IDN)
[   17.652747] systemd[1]: Detected virtualization oracle.
[   17.692503] systemd[1]: Detected architecture x86-64.

Welcome to [1mUbuntu 16.04.2 LTS[0m!

[  17.767877] systemd[1]: Set hostname to <ubuntu-xenial>.
[   18.295437] systemd[1]: Listening on Device-mapper event daemon FIFOs.
[[0;32m  OK  [0m] Listening on Device-mapper event daemon FIFOs.
[ 18057]ysmd]:istening on Syslog Socket.
[[0;32m  OK  [0m] Listening on Syslog Socket.
[ 18600]systemd[1]: Started Forward Password Requests to Wall Directory Watch.
[[0;32m  OK  [0m] Started Forward Password Requests to Wall Directory Watch.
[ 19535]ysmd]:isni oJonaAuditSocket.
[[0;32m  OK  [0m] Listening on Journal Audit Socket.
[ 1937101] systemd[1]: Listening on LVM2 poll daemon socket.
[[0;32m  OK  [0m] Listening on LVM2 poll daemon socket.
[ 20117273] systemd[1]: Listening on /dev/initctl Compatibility Named Pipe.
[[0;32m  OK  [0m] Listening on /dev/initctl Compatibility Named Pipe.
[ 20054]ysmd]:eaedaret User and Group Name Lookups.
[[0;32m  OK  [0m] Reached target User and Group Name Lookups.
[  0.869041] systemd[1]: Set up automount Arbitrary Executable File Formats File System Automount Point.
[[0;32m  OK  [0m] Set up automount Arbitrary Executab...ats File System Automount Point.
[   20.872287] systemd[1]: Listening on udev Control Socket.
[[0;32m  OK  [0m] Listening on udev Control Socket.
[   20.872287] systemd[1]: Reached target Swap.
[[0;32m  OK  [0m] Reached target Swap.
[   20.872287] systemd[1]: Reached target Encrypted Volumes.
[[0;32m  OK  [0m] Reached target Encrypted Volumes.
[   20.872287] systemd[1]: Created slice System Slice.
[[0;32m  OK  [0m] Created slice System Slice.
[   20.872287] systemd[1]: Created slice system-serial\x2dgetty.slice.
[[0;32m  OK  [0m] Created slice system-serial\x2dgetty.slice.
[   20.872287] systemd[1]: Listening on LVM2 metadata daemon socket.
[[0;32m  OK  [0m] Listening on LVM2 metadata daemon socket.
[   20.872287] systemd[1]: Created slice User and Session Slice.

[[0;32m  OK  [0m] Created slice User and Session Slice.
[   21.004692] systemd[1]: Listening on Journal Socket.
[[0;32m  OK  [0m] Listening on Journal Socket.
[   21.028944] systemd[1]: Starting Remount Root and Kernel File Systems...
[   21.039362] random: nonblocking pool is initialized
         Starting Remount Root and Kernel File Systems...
[   21.049172] systemd[1]: Mounting Huge Pages File System...
         Mounting Huge Pages File System...
[   21.060542] systemd[1]: Starting Set console keymap...
[   21.074028] EXT4-fs (sda1): re-mounted. Opts: (null)
         Starting Set console keymap...
[   21.506477] systemd[1]: Starting Load Kernel Modules...
         Starting Load Ke[   21.529542] Loading iSCSI transport class v2.0-870.
rnel Modules...
[   21.699052] systemd[1]: Starting Create list of required static device nodes for the current kernel...
         Startin[   21.819786] iscsi: registered transport (tcp)
g Create list of required st... nodes for the current kernel...
[   21.901744] systemd[1]: Starting Monitoring of LVM2 mirrors, snapshots etc. using dmeventd or progress polling...
         Startin[   21.913092] iscsi: registered transport (iser)
g Monitoring of LVM2 mirrors... dmeventd or progress polling...
[   22.252705] systemd[1]: Mounting POSIX Message Queue File System...
         Mounting POSIX Message Queue File System...
[   22.287005] systemd[1]: Mounting Debug File System...
         Mounting Debug File System...
[   22.296721] systemd[1]: Starting Nameserver information manager...
         Starting Nameserver information manager...
[   22.304260] systemd[1]: Reached target Slices.
[[0;32m  OK  [0m] Reached target Slices.
[ 224033] systemd[1]: Listening on Journal Socket (/dev/log).
[[0;32m  OK  [0m] Listening on Journal Socket (/dev/log).
[   22.541203] systemd[1]: Starting Journal Service...
         Starting Journal Service...
[   22.732642] systemd[1]: Listening on udev Kernel Socket.
[[0;32m  OK  [0m] Listening on udev Kernel Socket.
[   22.957187] systemd[1]: Starting Uncomplicated firewall...
         Starting Uncomplicated firewall...
[   22.970976] systemd[1]: Mounted POSIX Message Queue File System.
[[0;32m  OK  [0m] Mounted POSIX Message Queue File System.
[ 23488]ysmd[1]: Mounted Huge Pages File System.
[[0;32m  OK  [0m] Mounted Huge Pages File System.
[   23.052319] systemd[1]: Mounted Debug File System.
[[0;32m  OK  [0m] Mounted Debug File System.
[   23.052319] systemd[1]: Started Journal Service.
[[0;32m  OK  [0m] Started Journal Service.

[[0;32m  OK  [0m] Started Remount Root and Kernel File Systems.
[[0;32m  OK  [0m] Started Set console keymap.
[[0;32m  OK  [0m] Started Load Kernel Modules.
[[0;32m  OK  [0m] Started Create list of required sta...ce nodes for the current kernel.
[[0;32m  OK  [0m] Started Uncomplicated firewall.
[[0;32m  OK  [0m] Started Nameserver information manager.
[[0;32m  OK  [0m] Started LVM2 metadata daemon.
         Starting Create Static Device Nodes in /dev...
         Mounting FUSE Control File System...
         Starting Apply Kernel Variables...
         Starting Load/Save Random Seed...
         Starting Initial cloud-init job (pre-networking)...
         Starting udev Coldplug all Devices...
         Starting Flush Journal to Persistent Storage...
[[0;32m  OK  [0m] Mounted FUSE Control File System.
[[0;32m  OK  [0m] Started Create Static Device Nodes in /dev.
[[0;32m  OK  [0m] Started Monitoring of LVM2 mirrors,...ng dmeventd or progress polling.
[[0;32m  OK  [0m] Started Apply Kernel Variables.
[[0;32m  OK  [0m] Started Load/Save Random Seed.
[[0;32m  OK  [0m] Started Flush Journal to Persistent Storage.
         Starting udev Kernel Device Manager...
[[0;32m  OK  [0m] Started udev Coldplug all Devices.
[[0;32m  OK  [0m] Started udev Kernel Device Manager.
[[0;32m  OK  [0m] Started Dispatch Password Requests to Console Directory Watch.
[[0;32m  OK  [0m] Reached target Local File Systems (Pre).
[[0;32m  OK  [0m] Reached target Local File Systems.
         Starting Set console font and keymap...
         Starting Tell Plymouth To Write Out Runtime Data...
         Starting LSB: AppArmor initialization...
         Starting Create Volatile Files and Directories...
[[0;32m  OK  [0m] Started Tell Plymouth To Write Out Runtime Data.
[[0;32m  OK  [0m] Started Create Volatile Files and Directories.
[[0;32m  OK  [0m] Found device /dev/ttyS0.
         Starting Update UTMP about System Boot/Shutdown...
[[0;32m  OK  [0m] Reached target System Time Synchronized.
[[0;32m  OK  [0m] Started LSB: AppArmor initialization.
[[0;32m  OK  [0m] Started Update UTMP about System Boot/Shutdown.
[[0;32m  OK  [0m] Found device 82540EM Gigabit Ethern...r (PRO/1000 MT Desktop Adapter).
[[0;32m  OK  [0m] Started Set console font and keymap.
[[0;32m  OK  [0m] Created slice system-getty.slice.
[[0;32m  OK  [0m] Listening on Load/Save RF Kill Switch Status /dev/rfkill Watch.
[   27.929328] cloud-init[476]: Cloud-init v. 0.7.9 running 'init-local' at Sun, 26 Mar 2017 11:35:17 +0000. Up 27.01 seconds.
[[0;32m  OK  [0m] Started Initial cloud-init job (pre-networking).
[[0;32m  OK  [0m] Reached target Network (Pre).
         Starting Raise network interfaces...
[[0;32m  OK  [0m] Started ifup for enp0s3.
[[0;32m  OK  [0m] Started Raise network interfaces.
[[0;32m  OK  [0m] Reached target Network.
         Starting Initial cloud-init job (metadata service crawler)...
[   30.665397] cloud-init[1071]: Cloud-init v. 0.7.9 running 'init' at Sun, 26 Mar 2017 11:35:20 +0000. Up 29.81 seconds.
[[0;32m  OK  [0m] Started Initial cloud-init job (metadata service crawler).
[   30.817342] cloud-init[1071]: ci-info: +++++++++++++++++++++++++++++++++++++Net device info++++++++++++++++++++++++++++++++++++++
[   31.068847] cloud-init[1071]: ci-info: +--------+------+----------------------------+---------------+-------+-------------------+
[   31.069793] cloud-init[1071]: ci-info: | Device |  Up  |          Address           |      Mask     | Scope |     Hw-Address    |
[[0;32m  OK  [0m] Reached target Network is Online.
[   31.070048] cloud-init[1071]: ci-info: +--------+------+----------------------------+---------------+-------+-------------------+
[   31.556948] cloud-init[1071]: ci-info: | enp0s3 | True |         10.0.2.15          | 255.255.255.0 |   .   | 02:2d:8f:cf:d6:cd |
[   31.568699] cloud-init[1071]: ci-info: | enp0s3 | True | fe80::2d:8fff:fecf:d6cd/64 |       .       |  link | 02:2d:8f:cf:d6:cd |
[   31.579779] cloud-init[1071]: ci-info: |   lo   | True |         127.0.0.1          |   255.0.0.0   |   .   |         .         |
[   31.590298] cloud-init[1071]: ci-info: |   lo   | True |          ::1/128           |       .       |  host |         .         |
[   31.605533] cloud-init[1071]: ci-info: +--------+------+----------------------------+---------------+-------+-------------------+
[   31.617334] cloud-init[1071]: ci-info: +++++++++++++++++++++++++++Route IPv4 info++++++++++++++++++++++++++++
[   31.649155] cloud-init[1071]: ci-info: +-------+-------------+----------+---------------+-----------+-------+
[   31.772877] cloud-init[1071]: ci-info: | Route | Destination | Gateway  |    Genmask    | Interface | Flags |
[   31.916948] cloud-init[1071]: ci-info: +-------+-------------+----------+---------------+-----------+-------+
         Starting iSCSI initiator daemon (iscsid)...
[[   31.917718] cloud-init[1071]: ci-info: |   0   |   0.0.0.0   | 10.0.2.2 |    0.0.0.0    |   enp0s3  |   UG  |
[0;32m  OK  [0m] Reached target System Initialization.
         Starting Socket activation for snappy daemon.
[[0;32m  OK  [0m] Started Daily Cleanup of Temporary Directories.
[   32.362081] cloud-init[1071]: ci-info: |   1   |   10.0.2.0  | 0.0.0.0  | 255.255.255.0 |   enp0s3  |   U   |
[   32.905548] cloud-init[1071]: ci-info: +-------+-------------+----------+---------------+-----------+-------+
[[0;32m  OK  [0m] Started Timer to automatically refresh installed snaps.
         Starting LXD - unix socket.
[[0;32m  OK  [0m] Started Daily apt activities.
[[0;32m  OK  [0m] Reached target Timers.
[[0;32m  OK  [0m] Listening on D-Bus System Message Bus Socket.
[[0;32m  OK  [0m] Listening on UUID daemon activation socket.
[[0;32m  OK  [0m] Started Trigger resolvconf update for networkd DNS.
[[0;32m  OK  [0m] Listening on ACPID Listen Socket.
[[0;32m  OK  [0m] Started ACPI Events Check.
[[0;32m  OK  [0m] Reached target Paths.
[[0;32m  OK  [0m] Reached target Cloud-config availability.
[[0;32m  OK  [0m] Listening on Socket activation for snappy daemon.
[[0;32m  OK  [0m] Listening on LXD - unix socket.
[[0;32m  OK  [0m] Started iSCSI initiator daemon (iscsid).
         Starting Login to default iSCSI targets...
[[0;32m  OK  [0m] Reached target Sockets.
[[0;32m  OK  [0m] Reached target Basic System.
[[0;32m  OK  [0m] Started Regular background program processing daemon.
         Starting LSB: Record successful boot for GRUB...
[[0;32m  OK  [0m] Started ACPI event daemon.
[[0;32m  OK  [0m] Started Deferred execution scheduler.
         Starting LXD - container startup/shutdown...
         Starting Accounts Service...
[[0;32m  OK  [0m] Started Snappy daemon.
         Starting Auto import assertions from block devices...
         Starting OpenBSD Secure Shell server...
[[0;32m  OK  [0m] Started D-Bus System Message Bus.
         Starting System Logging Service...
         Starting Apply the settings specified in cloud-config...
         Starting LSB: MD monitoring daemon...
[[0;32m  OK  [0m] Started FUSE filesystem for LXC.
         Starting /etc/rc.local Compatibility...
         Starting A high performance web server and a reverse proxy server...
         Starting Login Service...
[[0;32m  OK  [0m] Started OpenBSD Secure Shell server.
[[0;32m  OK  [0m] Started System Logging Service.
[[0;32m  OK  [0m] Started LXD - container startup/shutdown.
[[0;32m  OK  [0m] Started Auto import assertions from block devices.
[[0;32m  OK  [0m] Started /etc/rc.local Compatibility.
[[0;32m  OK  [0m] Started Login to default iSCSI targets.
[[0;32m  OK  [0m] Started LSB: Record successful boot for GRUB.
[[0;32m  OK  [0m] Started LSB: MD monitoring daemon.
[[0;32m  OK  [0m] Started A high performance web server and a reverse proxy server.
[[0;32m  OK  [0m] Started Login Service.
         Starting Authenticate and Authorize Users to Run Privileged Tasks...
[[0;32m  OK  [0m] Reached target Remote File Systems (Pre).
[[0;32m  OK  [0m] Reached target Remote File Systems.
         Starting Permit User Sessions...
         Starting LSB: VirtualBox Linux Additions...
         Starting LSB: daemon to balance interrupts for SMP systems...
         Starting LSB: automatic crash report generation...
         Starting LSB: Set the CPU Frequency Scaling governor to "ondemand"...
[[0;32m  OK  [0m] Started Permit User Sessions.
[[0;32m  OK  [0m] Started Authenticate and Authorize Users to Run Privileged Tasks.
[[0;32m  OK  [0m] Started Accounts Service.
         Starting Hold until boot process finishes up...
         Starting Terminate Plymouth Boot Screen...
[[0;32m  OK  [0m] Started LSB: Set the CPU Frequency Scaling governor to "ondemand".
[[0;32m  OK  [0m] Started Hold until boot process finishes up.
[[0;32m  OK  [0m] Started Terminate Plymouth Boot Screen.
[[0;32m  OK  [0m] Started LSB: daemon to balance interrupts for SMP systems.
[[0;32m  OK  [0m] Started LSB: automatic crash report generation.
[[0;32m  OK  [0m] Created slice User Slice of ubuntu.
[[0;32m  OK  [0m] Started Session 1 of user ubuntu.
         Starting User Manager for UID 1000...
[[0;32m  OK  [0m] Started Getty on tty1.
[[0;32m  OK  [0m] Started Serial Getty on ttyS0.
[[0;32m  OK  [0m] Reached target Login Prompts.
         Starting Set console scheme...
[[0;32m  OK  [0m] Started User Manager for UID 1000.
[[0;32m  OK  [0m] Started LSB: VirtualBox Linux Additions.
[[0;32m  OK  [0m] Started Set console scheme.
[[0;32m  OK  [0m] Reached target Multi-User System.
[[0;32m  OK  [0m] Reached target Graphical Interface.
         Starting Update UTMP about System Runlevel Changes...
[[0;32m  OK  [0m] Started Update UTMP about System Runlevel Changes.
[   37.610118] cloud-init[1181]: Cloud-init v. 0.7.9 running 'modules:config' at Sun, 26 Mar 2017 11:35:27 +0000. Up 37.35 seconds.
[[0;32m  OK  [0m] Started Apply the settings specified in cloud-config.
         Starting Execute cloud user/final scripts...
[   39.287165] cloud-init[1400]: Cloud-init v. 0.7.9 running 'modules:final' at Sun, 26 Mar 2017 11:35:29 +0000. Up 38.91 seconds.
[   39.320069] cloud-init[1400]: Cloud-init v. 0.7.9 finished at Sun, 26 Mar 2017 11:35:29 +0000. Datasource DataSourceNoCloud [seed=/dev/sdb][dsmode=net].  Up 39.26 seconds
[[0;32m  OK  [0m] Started Execute cloud user/final scripts.
[[0;32m  OK  [0m] Reached target Cloud-init target.

Ubuntu 16.04.2 LTS ubuntu-xenial ttyS0

ubuntu-xenial login: [[0;32m  OK  [0m] Stopped target Cloud-init target.
[[0;32m  OK  [0m] Stopped target Timers.
[[0;32m  OK  [0m] Stopped Daily Cleanup of Temporary Directories.
         Stopping Authenticate and Authorize Users to Run Privileged Tasks...
[[0;32m  OK  [0m] Stopped Daily apt activities.
[[0;32m  OK  [0m] Stopped Execute cloud user/final scripts.
[[0;32m  OK  [0m] Stopped Apply the settings specified in cloud-config.
         Stopping ACPI event daemon...
         Stopping User Manager for UID 1000...
[[0;32m  OK  [0m] Closed Load/Save RF Kill Switch Status /dev/rfkill Watch.
[[0;32m  OK  [0m] Stopped target Graphical Interface.
         Stopping Accounts Service...
[[0;32m  OK  [0m] Stopped target Multi-User System.
            Stopping Serial Getty on ttyS0...
         Stopping Getty on tty1...
         Stopping Regular background program processing daemon...
         Stopping LSB: MD monitoring daemon...
         Stopping LSB: VirtualBox Linux Additions...
         Stopping OpenBSD Secure Shell server...
         Stopping Deferred execution scheduler...
         Stopping LXD - container startup/shutdown...
         Stopping Snappy daemon...
         Stopping LSB: daemon to balance interrupts for SMP systems...
         Stopping LSB: Set the CPU Frequency Scaling governor to "ondemand"...
         Stopping LSB: automatic crash report generation...
[[0;32m  OK  [0m] Stopped target Cloud-config availability.
         Stopping LSB: Record successful boot for GRUB...
         Stopping FUSE filesystem for LXC...
[[0;32m  OK  [0m] Stopped Timer to automatically refresh installed snaps.
[[0;32m  OK  [0m] Stopped target System Time Synchronized.
         Stopping System Logging Service...
         Stopping Session 3 of user ubuntu.
[[0;32m  OK  [0m] Unmounted /var/lib/lxcfs.
[[0;32m  OK  [0m] Stopped Regular background program processing daemon.
[[0;32m  OK  [0m] Stopped ACPI event daemon.
[[0;32m  OK  [0m] Stopped Deferred execution scheduler.
[[0;32m  OK  [0m] Stopped Accounts Service.
[[0;32m  OK  [0m] Stopped Snappy daemon.
[[0;32m  OK  [0m] Stopped OpenBSD Secure Shell server.
[[0;32m  OK  [0m] Stopped System Logging Service.
[[0;32m  OK  [0m] Stopped Authenticate and Authorize Users to Run Privileged Tasks.
[[0;32m  OK  [0m] Stopped Getty on tty1.
[[0;32m  OK  [0m] Stopped Serial Getty on ttyS0.
[[0;32m  OK  [0m] Stopped User Manager for UID 1000.
[[0;32m  OK  [0m] Stopped D-Bus System Message Bus.
[[0;32m  OK  [0m] Stopped A high performance web server and a reverse proxy server.
[[0;32m  OK  [0m] Stopped Session 3 of user ubuntu.
[[0;32m  OK  [0m] Stopped FUSE filesystem for LXC.
[[0;32m  OK  [0m] Stopped LSB: MD monitoring daemon.
[[0;32m  OK  [0m] Stopped LSB: daemon to balance interrupts for SMP systems.
[[0;32m  OK  [0m] Stopped LXD - container startup/shutdown.
[[0;32m  OK  [0m] Stopped LSB: VirtualBox Linux Additions.
[[0;32m  OK  [0m] Stopped LSB: Set the CPU Frequency Scaling governor to "ondemand".
[[0;32m  OK  [0m] Stopped LSB: automatic crash report generation.
[[0;32m  OK  [0m] Stopped LSB: Record successful boot for GRUB.
[[0;32m  OK  [0m] Removed slice User Slice of ubuntu.
         Stopping Login Service...
[[0;32m  OK  [0m] Removed slice system-serial\x2dgetty.slice.
[[0;32m  OK  [0m] Removed slice system-getty.slice.
         Stopping Permit User Sessions...
[[0;32m  OK  [0m] Stopped /etc/rc.local Compatibility.
[[0;32m  OK  [0m] Stopped Login Service.
[[0;32m  OK  [0m] Stopped Permit User Sessions.
[[0;32m  OK  [0m] Stopped target Remote File Systems.
[[0;32m  OK  [0m] Stopped target Remote File Systems (Pre).
         Stopping Login to default iSCSI targets...
[[0;32m  OK  [0m] Stopped target User and Group Name Lookups.
[[0;32m  OK  [0m] Stopped target Basic System.
[[0;32m  OK  [0m] Stopped target Paths.
[[0;32m  OK  [0m] Stopped ACPI Events Check.
[[0;32m  OK  [0m] Stopped Trigger resolvconf update for networkd DNS.
[[0;32m  OK  [0m] Stopped Dispatch Password Requests to Console Directory Watch.
[[0;32m  OK  [0m] Stopped Forward Password Requests to Wall Directory Watch.
[[0;32m  OK  [0m] Stopped target Sockets.
[[0;32m  OK  [0m] Closed UUID daemon activation socket.
[[0;32m  OK  [0m] Closed D-Bus System Message Bus Socket.
[[0;32m  OK  [0m] Closed LXD - unix socket.
[[0;32m  OK  [0m] Closed Syslog Socket.
[[0;32m  OK  [0m] Closed ACPID Listen Socket.
[[0;32m  OK  [0m] Closed Socket activation for snappy daemon.
[[0;32m  OK  [0m] Stopped target System Initialization.
[[0;32m  OK  [0m] Stopped target Encrypted Volumes.
         Stopping Load/Save Random Seed...
[[0;32m  OK  [0m] Stopped target Swap.
         Stopping Update UTMP about System Boot/Shutdown...
[[0;32m  OK  [0m] Stopped target Slices.
[[0;32m  OK  [0m] Removed slice User and Session Slice.
[[0;32m  OK  [0m] Stopped Load/Save Random Seed.
[[0;32m  OK  [0m] Stopped Update UTMP about System Boot/Shutdown.
[[0;32m  OK  [0m] Stopped Create Volatile Files and Directories.
[[0;32m  OK  [0m] Stopped Login to default iSCSI targets.
         Stopping iSCSI initiator daemon (iscsid)...
[[0;32m  OK  [0m] Stopped iSCSI initiator daemon (iscsid).
[[0;32m  OK  [0m] Stopped target Network is Online.
[[0;32m  OK  [0m] Stopped Initial cloud-init job (metadata service crawler).
[[0;32m  OK  [0m] Stopped target Network.
         Stopping Raise network interfaces...
[[0;32m  OK  [0m] Stopped Raise network interfaces.
[[0;32m  OK  [0m] Stopped target Local File Systems.
         Unmounting /run/user/1000...
         Unmounting /vagrant...
         Starting Unattended Upgrades Shutdown...
[[0;32m  OK  [0m] Stopped target Network (Pre).
[[0;32m  OK  [0m] Stopped Initial cloud-init job (pre-networking).
[[0;32m  OK  [0m] Stopped Apply Kernel Variables.
[[0;32m  OK  [0m] Stopped Load Kernel Modules.
[[0;32m  OK  [0m] Unmounted /run/user/1000.
[[0;32m  OK  [0m] Unmounted /vagrant.
[[0;32m  OK  [0m] Reached target Unmount All Filesystems.
[[0;32m  OK  [0m] Stopped target Local File Systems (Pre).
[[0;32m  OK  [0m] Stopped Create Static Device Nodes in /dev.
[[0;32m  OK  [0m] Stopped Remount Root and Kernel File Systems.
         Stopping Monitoring of LVM2 mirrors... dmeventd or progress polling...
[[0;32m  OK  [0m] Stopped Monitoring of LVM2 mirrors,...ng dmeventd or progress polling.
         Stopping LVM2 metadata daemon...
[[0;32m  OK  [0m] Stopped LVM2 metadata daemon.
[[0;32m  OK  [0m] Started Unattended Upgrades Shutdown.
[[0;32m  OK  [0m] Reached target Shutdown.
[  870.192615] reboot: Power down
